

Building project...


Project directory: /scratch/ibp5092/simStateSpace 


Installing packages...


Installing jeksterslab/simStateSpace from GitHub...


Building dotfiles...


make[1]: Entering directory '/tmp/RtmpejfIur/dotfiles'
make[2]: Entering directory '/tmp/RtmpejfIur/dotfiles/.setup/bash'
Building /storage/home/ibp5092/.bashrc
make[2]: Leaving directory '/tmp/RtmpejfIur/dotfiles/.setup/bash'
make[2]: Entering directory '/tmp/RtmpejfIur/dotfiles/.setup/git'
make[2]: Leaving directory '/tmp/RtmpejfIur/dotfiles/.setup/git'
make[2]: Entering directory '/tmp/RtmpejfIur/dotfiles/.setup/ssh'
Keys already exist and will not be overwritten.
make[2]: Leaving directory '/tmp/RtmpejfIur/dotfiles/.setup/ssh'
make[2]: Entering directory '/tmp/RtmpejfIur/dotfiles/.setup/tmux'
[?7l[1m[33m         _
[33m     ---(_)
[33m _/  ---  \
[33m(_) |   |
 [33m \  --- _/
    [33m ---(_)
[0m[6A[14C[33m[1m[34m[1mibp5092[1m@[34m[1mp-bc-5098[0m[39D[7C[39m[0m
[14C[33m[1mos[0m[2D[7C[39mUbuntu 22.04.4 LTS[0m
[14C[33m[1mhost[0m[4D[7C[39mPowerEdge M630[0m
[14C[33m[1mkernel[0m[6D[7C[39m4.18.0-513.24.1.el8_9.x86_64[0m
[14C[33m[1muptime[0m[6D[7C[39m32d 15h 21m[0m
[14C[33m[1mpkgs[0m[4D[7C[39m555[0m
[14C[33m[1mmemory[0m[6D[7C[39m8745M / 128802M[0m

[?7hIn tmux press "Prefix + r" to reload configuration.
make[2]: Leaving directory '/tmp/RtmpejfIur/dotfiles/.setup/tmux'
make[2]: Entering directory '/tmp/RtmpejfIur/dotfiles/.setup/vim'
make[2]: Leaving directory '/tmp/RtmpejfIur/dotfiles/.setup/vim'
make[2]: Entering directory '/tmp/RtmpejfIur/dotfiles/.setup/xterm'
make[2]: Leaving directory '/tmp/RtmpejfIur/dotfiles/.setup/xterm'
make[1]: Leaving directory '/tmp/RtmpejfIur/dotfiles'


TinyTex...




Styling...


Styling  56  files:
 .Rprofile                                                                 ℹ 
 .setup/cran/cran-check.R                                                  ✔ 
 .setup/cran/validate.R                                                    ✔ 
 .setup/latex/r-scripts/detritus.R                                         ✔ 
 .setup/latex/r-scripts/knitr-options-custom.R                             ✔ 
 .setup/latex/r-scripts/knitr-options-default.R                            ✔ 
 .setup/latex/r-scripts/knitr.R                                            ✔ 
 .setup/latex/r-scripts/tests-benchmark.R                                  ✔ 
 .setup/latex/r-scripts/tests-external.R                                   ✔ 
 .setup/latex/r-scripts/tests.R                                            ✔ 
 .setup/load/load.R                                                        ✔ 
 .setup/r-dependencies/wald/wald-ci-wald-dot.R                             ✔ 
 .setup/r-dependencies/wald/wald-probs-of-alpha-dot.R                      ✔ 
 .setup/r-miscellaneous/texTools/texTools-preamble-biblatex-combined-dot.R ✔ 
 .setup/r-miscellaneous/texTools/texTools-preamble-biblatex-dot.R          ✔ 
 .setup/readme/README.Rmd                                                  ✔ 
 .setup/scripts/make-config.R                                              ✔ 
 .setup/scripts/make-install.R                                             ✔ 
 .setup/scripts/make-packages.R                                            ✔ 
 .setup/scripts/make-project.R                                             ✔ 
 .setup/scripts/project.R                                                  ✔ 
 .setup/scripts/secrets.R                                                  ✔ 
 R/metaVAR-check-estimates-dot.R                                           ℹ 
 R/metaVAR-fit-ct-var-dot.R                                                ✔ 
 R/metaVAR-fit-ct-var-gamma-dot.R                                          ✔ 
 R/metaVAR-fit-ct-var-kappa-dot.R                                          ✔ 
 R/metaVAR-fit-ct-var-lambda-dot.R                                         ✔ 
 R/metaVAR-fit-ct-var-mu0-dot.R                                            ✔ 
 R/metaVAR-fit-ct-var-phi-dot.R                                            ⚠ 
 R/metaVAR-fit-ct-var-sigma-dot.R                                          ✔ 
 R/metaVAR-fit-ct-var-sigma0-dot.R                                         ✔ 
 R/metaVAR-fit-ct-var-theta-dot.R                                          ✔ 
 R/metaVAR-fit-ct-var-x-dot.R                                              ✔ 
 R/metaVAR-fit-ct-var.R                                                    ✔ 
 R/metaVAR-fit-dt-var-beta-dot.R                                           ✔ 
 R/metaVAR-fit-dt-var-dot.R                                                ✔ 
 R/metaVAR-fit-dt-var-gamma-dot.R                                          ✔ 
 R/metaVAR-fit-dt-var-kappa-dot.R                                          ✔ 
 R/metaVAR-fit-dt-var-lambda-dot.R                                         ✔ 
 R/metaVAR-fit-dt-var-mu0-dot.R                                            ✔ 
 R/metaVAR-fit-dt-var-psi-dot.R                                            ✔ 
 R/metaVAR-fit-dt-var-sigma0-dot.R                                         ✔ 
 R/metaVAR-fit-dt-var-theta-dot.R                                          ✔ 
 R/metaVAR-fit-dt-var-x-dot.R                                              ✔ 
 R/metaVAR-fit-dt-var.R                                                    ✔ 
 R/metaVAR-meta-dot.R                                                      ✔ 
 R/metaVAR-meta-mu-dot.R                                                   ✔ 
 R/metaVAR-meta-sigma-dot.R                                                ℹ 
 R/metaVAR-meta.R                                                          ✔ 
 R/metaVAR-methods.R                                                       ✔ 
 R/metaVAR-package.R                                                       ✔ 
 R/metaVAR-transform-dot.R                                                 ✔ 
 tests/testthat.R                                                          ✔ 
 tests/testthat/test.R                                                     ✔ 
 vignettes/metaVAR.Rmd                                                     ✔ 
 vignettes/session/session.Rmd                                             ✔ 
─────────────────────────────────────────────────────────────────────────
Status	Count	Legend 
✔ 	52	File unchanged.
ℹ 	3	File changed.
✖ 	1	Styling threw an error.
─────────────────────────────────────────────────────────────────────────
Please review the changes carefully!


Linting...


R/metaVAR-fit-ct-var-dot.R:26:10: warning: [object_usage_linter] no visible global function definition for '.FitCTVARPhi'
  phi <- .FitCTVARPhi(
         ^~~~~~~~~~~~
R/metaVAR-fit-ct-var-dot.R:33:12: warning: [object_usage_linter] no visible global function definition for '.FitCTVARGamma'
  gamma <- .FitCTVARGamma(p = p)
           ^~~~~~~~~~~~~~
R/metaVAR-fit-ct-var-dot.R:34:13: warning: [object_usage_linter] no visible global function definition for '.FitCTVARLambda'
  lambda <- .FitCTVARLambda(p = p)
            ^~~~~~~~~~~~~~~
R/metaVAR-fit-ct-var-dot.R:35:12: warning: [object_usage_linter] no visible global function definition for '.FitCTVARKappa'
  kappa <- .FitCTVARKappa(p = p)
           ^~~~~~~~~~~~~~
R/metaVAR-fit-ct-var-dot.R:36:12: warning: [object_usage_linter] no visible global function definition for '.FitCTVARSigma'
  sigma <- .FitCTVARSigma(
           ^~~~~~~~~~~~~~
R/metaVAR-fit-ct-var-dot.R:42:12: warning: [object_usage_linter] no visible global function definition for '.FitCTVARTheta'
  theta <- .FitCTVARTheta(
           ^~~~~~~~~~~~~~
R/metaVAR-fit-ct-var-dot.R:46:10: warning: [object_usage_linter] no visible global function definition for '.FitCTVARMu0'
  mu0 <- .FitCTVARMu0(p = p)
         ^~~~~~~~~~~~
R/metaVAR-fit-ct-var-dot.R:47:13: warning: [object_usage_linter] no visible global function definition for '.FitCTVARSigma0'
  sigma0 <- .FitCTVARSigma0(p = p)
            ^~~~~~~~~~~~~~~
R/metaVAR-fit-ct-var-dot.R:48:8: warning: [object_usage_linter] no visible global function definition for '.FitCTVARX'
  x <- .FitCTVARX()
       ^~~~~~~~~~
R/metaVAR-fit-ct-var-gamma-dot.R:5:5: warning: [object_usage_linter] no visible global function definition for '.FitDTVARGamma'
    .FitDTVARGamma(p = p)
    ^~~~~~~~~~~~~~
R/metaVAR-fit-ct-var-kappa-dot.R:5:5: warning: [object_usage_linter] no visible global function definition for '.FitDTVARKappa'
    .FitDTVARKappa(p = p)
    ^~~~~~~~~~~~~~
R/metaVAR-fit-ct-var-lambda-dot.R:5:5: warning: [object_usage_linter] no visible global function definition for '.FitDTVARLambda'
    .FitDTVARLambda(p = p)
    ^~~~~~~~~~~~~~~
R/metaVAR-fit-ct-var-mu0-dot.R:6:5: warning: [object_usage_linter] no visible global function definition for '.FitDTVARMu0'
    .FitDTVARMu0(p = p)
    ^~~~~~~~~~~~
R/metaVAR-fit-ct-var-phi-dot.R:5:45: style: [brace_linter] Opening curly braces should never go on their own line and should always be followed by a new line.
                         phi_ubound = NULL) {
                                            ^
R/metaVAR-fit-ct-var-phi-dot.R:6:2: style: [indentation_linter] Indentation should be 0 spaces but is 2 spaces.
  idx <- seq_len(p)
~^
R/metaVAR-fit-ct-var-phi-dot.R:8:46: style: [trailing_whitespace_linter] Trailing whitespace is superfluous.
  # auto effect and cross effect coefficients 
                                             ^
R/metaVAR-fit-ct-var-phi-dot.R:34:28: style: [brace_linter] Opening curly braces should never go on their own line and should always be followed by a new line.
  if (is.null(phi_ubound)) {
                           ^
R/metaVAR-fit-ct-var-phi-dot.R:35:4: style: [indentation_linter] Indentation should be 0 spaces but is 4 spaces.
    phi_ubound <- matrix(
~~~^
R/metaVAR-fit-ct-var-phi-dot.R:40:45: error: [error] unexpected ','
    diag(phi_ubound) <- .Machine$double.xmin,
                                            ^
R/metaVAR-fit-ct-var-phi-dot.R:41:2: style: [indentation_linter] Indentation should be 0 spaces but is 2 spaces.
  }
~^
R/metaVAR-fit-ct-var-phi-dot.R:43:4: style: [indentation_linter] Indentation should be 0 spaces but is 4 spaces.
    OpenMx::mxMatrix(
~~~^
R/metaVAR-fit-ct-var-phi-dot.R:44:6: style: [indentation_linter] Indentation should be 0 spaces but is 6 spaces.
      type = "Full",
~~~~~^
R/metaVAR-fit-ct-var-phi-dot.R:54:8: style: [indentation_linter] Indentation should be 0 spaces but is 8 spaces.
        statenames,
~~~~~~~^
R/metaVAR-fit-ct-var-phi-dot.R:56:6: style: [indentation_linter] Indentation should be 0 spaces but is 6 spaces.
      ),
~~~~~^
R/metaVAR-fit-ct-var-phi-dot.R:58:4: style: [indentation_linter] Indentation should be 0 spaces but is 4 spaces.
    )
~~~^
R/metaVAR-fit-ct-var-phi-dot.R:59:2: style: [indentation_linter] Indentation should be 0 spaces but is 2 spaces.
  )
~^
R/metaVAR-fit-ct-var-sigma0-dot.R:6:5: warning: [object_usage_linter] no visible global function definition for '.FitDTVARSigma0'
    .FitDTVARSigma0(p = p)
    ^~~~~~~~~~~~~~~
R/metaVAR-fit-ct-var-theta-dot.R:6:5: warning: [object_usage_linter] no visible global function definition for '.FitDTVARTheta'
    .FitDTVARTheta(
    ^~~~~~~~~~~~~~
R/metaVAR-fit-ct-var-x-dot.R:5:5: warning: [object_usage_linter] no visible global function definition for '.FitDTVARX'
    .FitDTVARX()
    ^~~~~~~~~~
R/metaVAR-fit-ct-var.R:59:13: warning: [object_usage_linter] no visible global function definition for '.FitCTVAR'
  output <- .FitCTVAR(
            ^~~~~~~~~
R/metaVAR-fit-dt-var-dot.R:25:11: warning: [object_usage_linter] no visible global function definition for '.FitDTVARBeta'
  beta <- .FitDTVARBeta(
          ^~~~~~~~~~~~~
R/metaVAR-fit-dt-var-dot.R:32:12: warning: [object_usage_linter] no visible global function definition for '.FitDTVARGamma'
  gamma <- .FitDTVARGamma(p = p)
           ^~~~~~~~~~~~~~
R/metaVAR-fit-dt-var-dot.R:33:13: warning: [object_usage_linter] no visible global function definition for '.FitDTVARLambda'
  lambda <- .FitDTVARLambda(p = p)
            ^~~~~~~~~~~~~~~
R/metaVAR-fit-dt-var-dot.R:34:12: warning: [object_usage_linter] no visible global function definition for '.FitDTVARKappa'
  kappa <- .FitDTVARKappa(p = p)
           ^~~~~~~~~~~~~~
R/metaVAR-fit-dt-var-dot.R:35:10: warning: [object_usage_linter] no visible global function definition for '.FitDTVARPsi'
  psi <- .FitDTVARPsi(
         ^~~~~~~~~~~~
R/metaVAR-fit-dt-var-dot.R:41:12: warning: [object_usage_linter] no visible global function definition for '.FitDTVARTheta'
  theta <- .FitDTVARTheta(
           ^~~~~~~~~~~~~~
R/metaVAR-fit-dt-var-dot.R:45:10: warning: [object_usage_linter] no visible global function definition for '.FitDTVARMu0'
  mu0 <- .FitDTVARMu0(p = p)
         ^~~~~~~~~~~~
R/metaVAR-fit-dt-var-dot.R:46:13: warning: [object_usage_linter] no visible global function definition for '.FitDTVARSigma0'
  sigma0 <- .FitDTVARSigma0(p = p)
            ^~~~~~~~~~~~~~~
R/metaVAR-fit-dt-var-dot.R:47:8: warning: [object_usage_linter] no visible global function definition for '.FitDTVARX'
  x <- .FitDTVARX()
       ^~~~~~~~~~
R/metaVAR-fit-dt-var.R:55:13: warning: [object_usage_linter] no visible global function definition for '.FitDTVAR'
  output <- .FitDTVAR(
            ^~~~~~~~~
R/metaVAR-meta-dot.R:13:16: warning: [object_usage_linter] no visible global function definition for '.CheckEstimates'
  estimates <- .CheckEstimates(
               ^~~~~~~~~~~~~~~
R/metaVAR-meta-dot.R:31:9: warning: [object_usage_linter] no visible global function definition for '.MetaMu'
  mu <- .MetaMu(
        ^~~~~~~
R/metaVAR-meta-dot.R:36:12: warning: [object_usage_linter] no visible global function definition for '.MetaSigma'
  sigma <- .MetaSigma(
           ^~~~~~~~~~
R/metaVAR-meta.R:118:13: warning: [object_usage_linter] no visible global function definition for '.Meta'
  output <- .Meta(
            ^~~~~
R/metaVAR-meta.R:133:17: warning: [object_usage_linter] no visible global function definition for '.Transform'
    transform = .Transform(
                ^~~~~~~~~~
R/metaVAR-methods.R:19:7: warning: [object_usage_linter] no visible global function definition for '.CIWald'
      .CIWald(
      ^~~~~~~
R/metaVAR-methods.R:54:7: warning: [object_usage_linter] no visible global function definition for '.CIWald'
      .CIWald(
      ^~~~~~~


Building data...




Building dependencies...


[1] TRUE TRUE


Cleaning project...




Initial build...


