Cloning into 'dotfiles'...
find: ‘/scratch/ibp5092/simStateSpace/.setup/cpp’: No such file or directory
find: ‘/scratch/ibp5092/simStateSpace/src’: No such file or directory
Warning message:
When processing R/metaVAR-fit-ct-var-phi-dot.R: <text>:40:45: unexpected ','
39:     )
40:     diag(phi_ubound) <- .Machine$double.xmin,
                                                ^ 
ℹ Updating metaVAR documentation
First time using roxygen2. Upgrading automatically...
Setting `RoxygenNote` to "7.3.1"
ℹ Loading metaVAR
Loading required package: OpenMx
To take full advantage of multiple cores, use:
  mxOption(key='Number of Threads', value=parallel::detectCores()) #now
  Sys.setenv(OMP_NUM_THREADS=parallel::detectCores()) #before library(OpenMx)
Error in `load_all()`:
! Failed to load 'R/metaVAR-fit-ct-var-phi-dot.R'
Caused by error in `parse()`:
! /scratch/ibp5092/simStateSpace/R/metaVAR-fit-ct-var-phi-dot.R:40:45: unexpected ','
39:     )
40:     diag(phi_ubound) <- .Machine$double.xmin,
                                                ^
Backtrace:
     ▆
  1. ├─rProject::Build("/scratch/ibp5092/simStateSpace")
  2. │ └─devtools::document(pkg = path)
  3. │   └─roxygen2::roxygenise(pkg$path, roclets)
  4. │     └─roxygen2 (local) load_code(base_path)
  5. │       └─pkgload::load_all(path, helpers = FALSE, attach_testthat = FALSE)
  6. │         └─pkgload::load_code(path, quiet = quiet)
  7. │           ├─withr (local) withr_with_dir(path, source_many(paths, encoding, env))
  8. │           │ └─base::force(code)
  9. │           └─pkgload:::source_many(paths, encoding, env)
 10. │             ├─rlang::try_fetch(...)
 11. │             │ ├─base::tryCatch(...)
 12. │             │ │ └─base (local) tryCatchList(expr, classes, parentenv, handlers)
 13. │             │ │   └─base (local) tryCatchOne(expr, names, parentenv, handlers[[1L]])
 14. │             │ │     └─base (local) doTryCatch(return(expr), name, parentenv, handler)
 15. │             │ └─base::withCallingHandlers(...)
 16. │             └─pkgload:::source_one(file, encoding, envir = envir)
 17. │               └─base::parse(text = lines, n = -1, srcfile = srcfile)
 18. └─base::.handleSimpleError(...)
 19.   └─rlang (local) h(simpleError(msg, call))
 20.     └─handlers[[1L]](cnd)
 21.       └─cli::cli_abort(msg, parent = cnd, call = quote(load_all()))
 22.         └─rlang::abort(...)
Execution halted
make: *** [Makefile:72: vignettes] Error 1
Cloning into 'metaVAR'...
